<?xml version="1.0" encoding="UTF-8"?>
<testng-results ignored="0" total="1" passed="1" failed="0" skipped="0">
  <reporter-output>
  </reporter-output>
  <suite started-at="2024-04-16T10:39:27 OMST" name="Surefire suite" finished-at="2024-04-16T10:39:32 OMST" duration-ms="5532">
    <groups>
    </groups>
    <test started-at="2024-04-16T10:39:27 OMST" name="Surefire test" finished-at="2024-04-16T10:39:32 OMST" duration-ms="5532">
      <class name="TrianglePuzzleTest">
        <test-method is-config="true" signature="setUp()[pri:0, instance:TrianglePuzzleTest@5c1a8622]" started-at="2024-04-16T10:39:27 OMST" name="setUp" finished-at="2024-04-16T10:39:30 OMST" duration-ms="3662" status="PASS">
          <reporter-output>
          </reporter-output>
        </test-method> <!-- setUp -->
        <test-method signature="testTrianglePuzzle()[pri:0, instance:TrianglePuzzleTest@5c1a8622]" started-at="2024-04-16T10:39:30 OMST" name="testTrianglePuzzle" finished-at="2024-04-16T10:39:32 OMST" duration-ms="1424" status="PASS">
          <reporter-output>
          </reporter-output>
        </test-method> <!-- testTrianglePuzzle -->
        <test-method is-config="true" signature="tearDown()[pri:0, instance:TrianglePuzzleTest@5c1a8622]" started-at="2024-04-16T10:39:32 OMST" name="tearDown" finished-at="2024-04-16T10:39:32 OMST" duration-ms="380" status="PASS">
          <reporter-output>
          </reporter-output>
        </test-method> <!-- tearDown -->
      </class> <!-- TrianglePuzzleTest -->
    </test> <!-- Surefire test -->
  </suite> <!-- Surefire suite -->
</testng-results>
